Summary of SPARK analysis
=========================

--------------------------------------------------------------------------------------------
SPARK Analysis results        Total       Flow   CodePeer     Provers   Justified   Unproved
--------------------------------------------------------------------------------------------
Data Dependencies                 .          .          .           .           .          .
Flow Dependencies                 .          .          .           .           .          .
Initialization                    5          5          .           .           .          .
Non-Aliasing                      .          .          .           .           .          .
Run-time Checks                   4          .          .    2 (CVC4)           .          2
Assertions                        .          .          .           .           .          .
Functional Contracts              .          .          .           .           .          .
LSP Verification                  .          .          .           .           .          .
Termination                       .          .          .           .           .          .
Concurrency                       .          .          .           .           .          .
--------------------------------------------------------------------------------------------
Total                             9    5 (56%)          .     2 (22%)           .    2 (22%)


max steps used for successful proof: 1

Analyzed 1 unit
in unit main, 6 subprograms and packages out of 6 analyzed
  Main at main.adb:5 flow analyzed (0 errors, 0 checks and 1 warnings) and proved (0 checks)
  Main.SS at main.adb:7 flow analyzed (0 errors, 0 checks and 0 warnings) and proved (0 checks)
  Main.SS.Init at simplestack.ads:11, instantiated at main.adb:7 flow analyzed (0 errors, 0 checks and 0 warnings) and proved (0 checks)
  Main.SS.Pop at simplestack.ads:15, instantiated at main.adb:7 flow analyzed (0 errors, 0 checks and 0 warnings) and not proved, 1 checks out of 2 proved
  Main.SS.Push at simplestack.ads:13, instantiated at main.adb:7 flow analyzed (0 errors, 0 checks and 0 warnings) and not proved, 1 checks out of 2 proved
  Main.SS.SimpleStack at simplestack.ads:9, instantiated at main.adb:7 flow analyzed (0 errors, 0 checks and 0 warnings) and proved (0 checks)
