Summary of SPARK analysis
=========================

---------------------------------------------------------------------------------------------
SPARK Analysis results        Total       Flow   CodePeer      Provers   Justified   Unproved
---------------------------------------------------------------------------------------------
Data Dependencies                 .          .          .            .           .          .
Flow Dependencies                 .          .          .            .           .          .
Initialization                    5          5          .            .           .          .
Non-Aliasing                      .          .          .            .           .          .
Run-time Checks                   8          .          .     8 (CVC4)           .          .
Assertions                        .          .          .            .           .          .
Functional Contracts             13          .          .    13 (CVC4)           .          .
LSP Verification                  .          .          .            .           .          .
Termination                       .          .          .            .           .          .
Concurrency                       .          .          .            .           .          .
---------------------------------------------------------------------------------------------
Total                            26    5 (19%)          .     21 (81%)           .          .


max steps used for successful proof: 1

Analyzed 1 unit
in unit main, 8 subprograms and packages out of 8 analyzed
  Main at main.adb:5 flow analyzed (0 errors, 0 checks and 0 warnings) and proved (5 checks)
  Main.SS at main.adb:7 flow analyzed (0 errors, 0 checks and 0 warnings) and proved (0 checks)
  Main.SS.Init at simplestack.ads:18, instantiated at main.adb:7 flow analyzed (0 errors, 0 checks and 0 warnings) and proved (1 checks)
  Main.SS.Pop at simplestack.ads:27, instantiated at main.adb:7 flow analyzed (0 errors, 0 checks and 0 warnings) and proved (7 checks)
  Main.SS.Push at simplestack.ads:21, instantiated at main.adb:7 flow analyzed (0 errors, 0 checks and 0 warnings) and proved (7 checks)
  Main.SS.SimpleStack at simplestack.ads:9, instantiated at main.adb:7 flow analyzed (0 errors, 0 checks and 0 warnings) and proved (0 checks)
  Main.SS.Size at simplestack.ads:12, instantiated at main.adb:7 flow analyzed (0 errors, 0 checks and 0 warnings) and proved (0 checks)
  Main.SS.Storage at simplestack.ads:15, instantiated at main.adb:7 flow analyzed (0 errors, 0 checks and 0 warnings) and proved (1 checks)
